<?xml version="1.0" encoding="UTF-8"?>
<robot generator="Robot 6.0.1 (Python 3.10.4 on win32)" generated="20230629 17:16:40.211" rpa="false" schemaversion="3">
<suite id="s1" name="Tests" source="G:\Automated\the-internet-web-test\tests">
<suite id="s1-s1" name="TC File Upload" source="G:\Automated\the-internet-web-test\tests\TC_File_Upload.robot">
<test id="s1-s1-t1" name="File Upload" line="6">
<kw name="Open Browser" library="SeleniumLibrary">
<arg>https://the-internet.herokuapp.com/</arg>
<arg>chrome</arg>
<doc>Opens a new browser instance to the optional ``url``.</doc>
<msg timestamp="20230629 17:16:40.420" level="INFO">Opening browser 'chrome' to base url 'https://the-internet.herokuapp.com/'.</msg>
<status status="PASS" starttime="20230629 17:16:40.420" endtime="20230629 17:16:45.445"/>
</kw>
<kw name="Click File Upload Menu" library="home_page">
<kw name="Wait Until Element Is Visible" library="SeleniumLibrary">
<arg>${MULTIPLE.WINDOWS.TEXT}</arg>
<arg>10s</arg>
<doc>Waits until the element ``locator`` is visible.</doc>
<status status="PASS" starttime="20230629 17:16:45.447" endtime="20230629 17:16:45.480"/>
</kw>
<kw name="Click Element" library="SeleniumLibrary">
<arg>${FILE.UPLOAD.TEXT}</arg>
<doc>Click the element identified by ``locator``.</doc>
<msg timestamp="20230629 17:16:45.480" level="INFO">Clicking element '//a[@href='/upload']'.</msg>
<status status="PASS" starttime="20230629 17:16:45.480" endtime="20230629 17:16:46.435"/>
</kw>
<status status="PASS" starttime="20230629 17:16:45.446" endtime="20230629 17:16:46.435"/>
</kw>
<kw name="Click Choose File" library="file_upload_page">
<kw name="Wait Until Element Is Visible" library="SeleniumLibrary">
<arg>${FILE.UPLOADER.TITLE}</arg>
<arg>10s</arg>
<doc>Waits until the element ``locator`` is visible.</doc>
<status status="PASS" starttime="20230629 17:16:46.437" endtime="20230629 17:16:46.480"/>
</kw>
<kw name="Choose File" library="SeleniumLibrary">
<arg>${CHOOSE.FILE.BUTTON}</arg>
<arg>G:\\Automated\\the-internet-web-test\\resources\\owl.png</arg>
<doc>Inputs the ``file_path`` into the file input field ``locator``.</doc>
<msg timestamp="20230629 17:16:46.481" level="INFO">Sending G:\Automated\the-internet-web-test\resources\owl.png to browser.</msg>
<status status="PASS" starttime="20230629 17:16:46.480" endtime="20230629 17:16:46.510"/>
</kw>
<status status="PASS" starttime="20230629 17:16:46.436" endtime="20230629 17:16:46.510"/>
</kw>
<kw name="Click Submit File" library="file_upload_page">
<kw name="Click Element" library="SeleniumLibrary">
<arg>${FILE.SUBMIT}</arg>
<doc>Click the element identified by ``locator``.</doc>
<msg timestamp="20230629 17:16:46.511" level="INFO">Clicking element '//input[@id="file-submit"]'.</msg>
<status status="PASS" starttime="20230629 17:16:46.510" endtime="20230629 17:16:46.860"/>
</kw>
<status status="PASS" starttime="20230629 17:16:46.510" endtime="20230629 17:16:46.860"/>
</kw>
<kw name="Verify File Upload" library="file_upload_page">
<kw name="Wait Until Element Is Visible" library="SeleniumLibrary">
<arg>${FILE.NAME.TEXT}</arg>
<arg>10s</arg>
<doc>Waits until the element ``locator`` is visible.</doc>
<status status="PASS" starttime="20230629 17:16:46.861" endtime="20230629 17:16:46.875"/>
</kw>
<status status="PASS" starttime="20230629 17:16:46.861" endtime="20230629 17:16:46.875"/>
</kw>
<status status="PASS" starttime="20230629 17:16:40.419" endtime="20230629 17:16:46.875"/>
</test>
<kw name="Close Browser" library="SeleniumLibrary" type="TEARDOWN">
<doc>Closes the current browser.</doc>
<status status="PASS" starttime="20230629 17:16:46.876" endtime="20230629 17:16:48.944"/>
</kw>
<status status="PASS" starttime="20230629 17:16:40.231" endtime="20230629 17:16:48.944"/>
</suite>
<suite id="s1-s2" name="TC Multiple Windows" source="G:\Automated\the-internet-web-test\tests\TC_Multiple_Windows.robot">
<test id="s1-s2-t1" name="Multiple Window" line="6">
<kw name="Open Browser" library="SeleniumLibrary">
<arg>https://the-internet.herokuapp.com/</arg>
<arg>chrome</arg>
<doc>Opens a new browser instance to the optional ``url``.</doc>
<msg timestamp="20230629 17:16:48.981" level="INFO">Opening browser 'chrome' to base url 'https://the-internet.herokuapp.com/'.</msg>
<status status="PASS" starttime="20230629 17:16:48.980" endtime="20230629 17:16:53.688"/>
</kw>
<kw name="Click Multiple Window Menu" library="home_page">
<kw name="Wait Until Element Is Visible" library="SeleniumLibrary">
<arg>${MULTIPLE.WINDOWS.TEXT}</arg>
<arg>10s</arg>
<doc>Waits until the element ``locator`` is visible.</doc>
<status status="PASS" starttime="20230629 17:16:53.688" endtime="20230629 17:16:53.706"/>
</kw>
<kw name="Click Element" library="SeleniumLibrary">
<arg>${MULTIPLE.WINDOWS.TEXT}</arg>
<doc>Click the element identified by ``locator``.</doc>
<msg timestamp="20230629 17:16:53.707" level="INFO">Clicking element '//a[@href='/windows']'.</msg>
<status status="PASS" starttime="20230629 17:16:53.706" endtime="20230629 17:16:54.066"/>
</kw>
<status status="PASS" starttime="20230629 17:16:53.688" endtime="20230629 17:16:54.066"/>
</kw>
<kw name="Click Open New Window" library="multiple_windows_page">
<kw name="Wait Until Element Is Visible" library="SeleniumLibrary">
<arg>${OPEN.NEW.WINDOW.TITLE}</arg>
<arg>10s</arg>
<doc>Waits until the element ``locator`` is visible.</doc>
<status status="PASS" starttime="20230629 17:16:54.067" endtime="20230629 17:16:54.083"/>
</kw>
<kw name="Click Element" library="SeleniumLibrary">
<arg>${OPEN.NEW.WINDOW.BUTTON}</arg>
<doc>Click the element identified by ``locator``.</doc>
<msg timestamp="20230629 17:16:54.084" level="INFO">Clicking element '//a[@href='/windows/new']'.</msg>
<status status="PASS" starttime="20230629 17:16:54.084" endtime="20230629 17:16:54.127"/>
</kw>
<status status="PASS" starttime="20230629 17:16:54.066" endtime="20230629 17:16:54.127"/>
</kw>
<kw name="Verify Have Both New Window and Old Window" library="multiple_windows_feature">
<kw name="Get Window Handles" library="SeleniumLibrary">
<var>${handles}</var>
<doc>Returns all child window handles of the selected browser as a list.</doc>
<msg timestamp="20230629 17:16:54.135" level="INFO">${handles} = ['6EC176DF7C3D970CC8E3CCDFD89D8214', '9C516ADEEBD61E50FA24CBEB473D4B7D']</msg>
<status status="PASS" starttime="20230629 17:16:54.128" endtime="20230629 17:16:54.135"/>
</kw>
<kw name="Set Variable" library="BuiltIn">
<var>${new_window}</var>
<arg>${handles}[1]</arg>
<doc>Returns the given values which can then be assigned to a variables.</doc>
<msg timestamp="20230629 17:16:54.135" level="INFO">${new_window} = 9C516ADEEBD61E50FA24CBEB473D4B7D</msg>
<status status="PASS" starttime="20230629 17:16:54.135" endtime="20230629 17:16:54.135"/>
</kw>
<kw name="Switch Window" library="SeleniumLibrary">
<arg>${new_window}</arg>
<doc>Switches to browser window matching ``locator``.</doc>
<status status="PASS" starttime="20230629 17:16:54.135" endtime="20230629 17:16:54.165"/>
</kw>
<kw name="Wait Until Element Is Visible" library="SeleniumLibrary">
<arg>${NEW.WINDOW.TITLE}</arg>
<arg>10s</arg>
<doc>Waits until the element ``locator`` is visible.</doc>
<status status="PASS" starttime="20230629 17:16:54.165" endtime="20230629 17:16:54.438"/>
</kw>
<kw name="Switch Window" library="SeleniumLibrary">
<arg>${handles}[0]</arg>
<doc>Switches to browser window matching ``locator``.</doc>
<status status="PASS" starttime="20230629 17:16:54.439" endtime="20230629 17:16:54.447"/>
</kw>
<kw name="Wait Until Element Is Visible" library="SeleniumLibrary">
<arg>${OPEN.NEW.WINDOW.TITLE}</arg>
<arg>10s</arg>
<doc>Waits until the element ``locator`` is visible.</doc>
<status status="PASS" starttime="20230629 17:16:54.447" endtime="20230629 17:16:54.458"/>
</kw>
<status status="PASS" starttime="20230629 17:16:54.127" endtime="20230629 17:16:54.458"/>
</kw>
<status status="PASS" starttime="20230629 17:16:48.980" endtime="20230629 17:16:54.459"/>
</test>
<kw name="Close Browser" library="SeleniumLibrary" type="TEARDOWN">
<doc>Closes the current browser.</doc>
<status status="PASS" starttime="20230629 17:16:54.459" endtime="20230629 17:16:56.523"/>
</kw>
<status status="PASS" starttime="20230629 17:16:48.948" endtime="20230629 17:16:56.523"/>
</suite>
<suite id="s1-s3" name="TC Sortable Data Tables" source="G:\Automated\the-internet-web-test\tests\TC_Sortable_Data_Tables.robot">
<test id="s1-s3-t1" name="Sort Data Tables" line="6">
<kw name="Open Browser" library="SeleniumLibrary">
<arg>https://the-internet.herokuapp.com/</arg>
<arg>chrome</arg>
<doc>Opens a new browser instance to the optional ``url``.</doc>
<msg timestamp="20230629 17:16:56.577" level="INFO">Opening browser 'chrome' to base url 'https://the-internet.herokuapp.com/'.</msg>
<status status="PASS" starttime="20230629 17:16:56.577" endtime="20230629 17:17:01.378"/>
</kw>
<kw name="Click Sort Data Tables Menu" library="home_page">
<kw name="Wait Until Element Is Visible" library="SeleniumLibrary">
<arg>${SORTABLE.DATA.TABLES.TEXT}</arg>
<arg>10s</arg>
<doc>Waits until the element ``locator`` is visible.</doc>
<status status="PASS" starttime="20230629 17:17:01.379" endtime="20230629 17:17:01.398"/>
</kw>
<kw name="Click Element" library="SeleniumLibrary">
<arg>${SORTABLE.DATA.TABLES.TEXT}</arg>
<doc>Click the element identified by ``locator``.</doc>
<msg timestamp="20230629 17:17:01.400" level="INFO">Clicking element '//a[@href='/tables']'.</msg>
<status status="PASS" starttime="20230629 17:17:01.398" endtime="20230629 17:17:02.037"/>
</kw>
<status status="PASS" starttime="20230629 17:17:01.379" endtime="20230629 17:17:02.037"/>
</kw>
<kw name="Click Sort Last Name For Example1" library="sortable_data_tables_page">
<kw name="Wait Until Element Is Visible" library="SeleniumLibrary">
<arg>${EXAMPLE.1.LAST.NAME.HEADER}</arg>
<arg>10s</arg>
<doc>Waits until the element ``locator`` is visible.</doc>
<status status="PASS" starttime="20230629 17:17:02.038" endtime="20230629 17:17:02.055"/>
</kw>
<kw name="Click Element" library="SeleniumLibrary">
<arg>${EXAMPLE.1.LAST.NAME.HEADER}</arg>
<doc>Click the element identified by ``locator``.</doc>
<msg timestamp="20230629 17:17:02.055" level="INFO">Clicking element '(//span[contains(text(), "Last Name")])[1]'.</msg>
<status status="PASS" starttime="20230629 17:17:02.055" endtime="20230629 17:17:02.079"/>
</kw>
<status status="PASS" starttime="20230629 17:17:02.038" endtime="20230629 17:17:02.079"/>
</kw>
<kw name="Verify Sort Data Example1" library="sortable_data_tables_feature">
<kw name="Create List" library="BuiltIn">
<var>${actual_data_list}</var>
<doc>Returns a list containing given items.</doc>
<msg timestamp="20230629 17:17:02.079" level="INFO">${actual_data_list} = []</msg>
<status status="PASS" starttime="20230629 17:17:02.079" endtime="20230629 17:17:02.079"/>
</kw>
<kw name="Get Element Count" library="SeleniumLibrary">
<var>${count}</var>
<arg>${EXAMPLE.1.LAST.NAME.ITEM}</arg>
<doc>Returns the number of elements matching ``locator``.</doc>
<msg timestamp="20230629 17:17:02.088" level="INFO">${count} = 4</msg>
<status status="PASS" starttime="20230629 17:17:02.079" endtime="20230629 17:17:02.088"/>
</kw>
<for flavor="IN RANGE">
<var>${index}</var>
<value>${count}</value>
<iter>
<var name="${index}">0</var>
<kw name="Get Text" library="SeleniumLibrary">
<var>${value}</var>
<arg>(${EXAMPLE.1.LAST.NAME.ITEM})[${index}+1]</arg>
<doc>Returns the text value of the element identified by ``locator``.</doc>
<msg timestamp="20230629 17:17:02.105" level="INFO">${value} = Bach</msg>
<status status="PASS" starttime="20230629 17:17:02.088" endtime="20230629 17:17:02.105"/>
</kw>
<kw name="Append To List" library="Collections">
<arg>${actual_data_list}</arg>
<arg>${value}</arg>
<doc>Adds ``values`` to the end of ``list``.</doc>
<status status="PASS" starttime="20230629 17:17:02.105" endtime="20230629 17:17:02.105"/>
</kw>
<status status="PASS" starttime="20230629 17:17:02.088" endtime="20230629 17:17:02.105"/>
</iter>
<iter>
<var name="${index}">1</var>
<kw name="Get Text" library="SeleniumLibrary">
<var>${value}</var>
<arg>(${EXAMPLE.1.LAST.NAME.ITEM})[${index}+1]</arg>
<doc>Returns the text value of the element identified by ``locator``.</doc>
<msg timestamp="20230629 17:17:02.117" level="INFO">${value} = Conway</msg>
<status status="PASS" starttime="20230629 17:17:02.106" endtime="20230629 17:17:02.117"/>
</kw>
<kw name="Append To List" library="Collections">
<arg>${actual_data_list}</arg>
<arg>${value}</arg>
<doc>Adds ``values`` to the end of ``list``.</doc>
<status status="PASS" starttime="20230629 17:17:02.117" endtime="20230629 17:17:02.117"/>
</kw>
<status status="PASS" starttime="20230629 17:17:02.106" endtime="20230629 17:17:02.117"/>
</iter>
<iter>
<var name="${index}">2</var>
<kw name="Get Text" library="SeleniumLibrary">
<var>${value}</var>
<arg>(${EXAMPLE.1.LAST.NAME.ITEM})[${index}+1]</arg>
<doc>Returns the text value of the element identified by ``locator``.</doc>
<msg timestamp="20230629 17:17:02.130" level="INFO">${value} = Doe</msg>
<status status="PASS" starttime="20230629 17:17:02.118" endtime="20230629 17:17:02.130"/>
</kw>
<kw name="Append To List" library="Collections">
<arg>${actual_data_list}</arg>
<arg>${value}</arg>
<doc>Adds ``values`` to the end of ``list``.</doc>
<status status="PASS" starttime="20230629 17:17:02.131" endtime="20230629 17:17:02.131"/>
</kw>
<status status="PASS" starttime="20230629 17:17:02.118" endtime="20230629 17:17:02.131"/>
</iter>
<iter>
<var name="${index}">3</var>
<kw name="Get Text" library="SeleniumLibrary">
<var>${value}</var>
<arg>(${EXAMPLE.1.LAST.NAME.ITEM})[${index}+1]</arg>
<doc>Returns the text value of the element identified by ``locator``.</doc>
<msg timestamp="20230629 17:17:02.144" level="INFO">${value} = Smith</msg>
<status status="PASS" starttime="20230629 17:17:02.131" endtime="20230629 17:17:02.144"/>
</kw>
<kw name="Append To List" library="Collections">
<arg>${actual_data_list}</arg>
<arg>${value}</arg>
<doc>Adds ``values`` to the end of ``list``.</doc>
<status status="PASS" starttime="20230629 17:17:02.144" endtime="20230629 17:17:02.144"/>
</kw>
<status status="PASS" starttime="20230629 17:17:02.131" endtime="20230629 17:17:02.144"/>
</iter>
<status status="PASS" starttime="20230629 17:17:02.088" endtime="20230629 17:17:02.144"/>
</for>
<kw name="Create List" library="BuiltIn">
<var>${expect_data_list}</var>
<arg>Bach</arg>
<arg>Conway</arg>
<arg>Doe</arg>
<arg>Smith</arg>
<doc>Returns a list containing given items.</doc>
<msg timestamp="20230629 17:17:02.144" level="INFO">${expect_data_list} = ['Bach', 'Conway', 'Doe', 'Smith']</msg>
<status status="PASS" starttime="20230629 17:17:02.144" endtime="20230629 17:17:02.144"/>
</kw>
<kw name="Lists Should Be Equal" library="Collections">
<arg>${actual_data_list}</arg>
<arg>${expect_data_list}</arg>
<doc>Fails if given lists are unequal.</doc>
<status status="PASS" starttime="20230629 17:17:02.145" endtime="20230629 17:17:02.145"/>
</kw>
<status status="PASS" starttime="20230629 17:17:02.079" endtime="20230629 17:17:02.145"/>
</kw>
<kw name="Click Sort Last Name For Example1" library="sortable_data_tables_page">
<kw name="Wait Until Element Is Visible" library="SeleniumLibrary">
<arg>${EXAMPLE.1.LAST.NAME.HEADER}</arg>
<arg>10s</arg>
<doc>Waits until the element ``locator`` is visible.</doc>
<status status="PASS" starttime="20230629 17:17:02.145" endtime="20230629 17:17:02.155"/>
</kw>
<kw name="Click Element" library="SeleniumLibrary">
<arg>${EXAMPLE.1.LAST.NAME.HEADER}</arg>
<doc>Click the element identified by ``locator``.</doc>
<msg timestamp="20230629 17:17:02.155" level="INFO">Clicking element '(//span[contains(text(), "Last Name")])[1]'.</msg>
<status status="PASS" starttime="20230629 17:17:02.155" endtime="20230629 17:17:02.175"/>
</kw>
<status status="PASS" starttime="20230629 17:17:02.145" endtime="20230629 17:17:02.175"/>
</kw>
<kw name="Verify Reverse Sort Data Example1" library="sortable_data_tables_feature">
<kw name="Create List" library="BuiltIn">
<var>${actual_data_list}</var>
<doc>Returns a list containing given items.</doc>
<msg timestamp="20230629 17:17:02.176" level="INFO">${actual_data_list} = []</msg>
<status status="PASS" starttime="20230629 17:17:02.175" endtime="20230629 17:17:02.176"/>
</kw>
<kw name="Get Element Count" library="SeleniumLibrary">
<var>${count}</var>
<arg>${EXAMPLE.1.LAST.NAME.ITEM}</arg>
<doc>Returns the number of elements matching ``locator``.</doc>
<msg timestamp="20230629 17:17:02.182" level="INFO">${count} = 4</msg>
<status status="PASS" starttime="20230629 17:17:02.176" endtime="20230629 17:17:02.182"/>
</kw>
<for flavor="IN RANGE">
<var>${index}</var>
<value>${count}</value>
<iter>
<var name="${index}">0</var>
<kw name="Get Text" library="SeleniumLibrary">
<var>${value}</var>
<arg>(${EXAMPLE.1.LAST.NAME.ITEM})[${index}+1]</arg>
<doc>Returns the text value of the element identified by ``locator``.</doc>
<msg timestamp="20230629 17:17:02.192" level="INFO">${value} = Smith</msg>
<status status="PASS" starttime="20230629 17:17:02.182" endtime="20230629 17:17:02.192"/>
</kw>
<kw name="Append To List" library="Collections">
<arg>${actual_data_list}</arg>
<arg>${value}</arg>
<doc>Adds ``values`` to the end of ``list``.</doc>
<status status="PASS" starttime="20230629 17:17:02.192" endtime="20230629 17:17:02.192"/>
</kw>
<status status="PASS" starttime="20230629 17:17:02.182" endtime="20230629 17:17:02.192"/>
</iter>
<iter>
<var name="${index}">1</var>
<kw name="Get Text" library="SeleniumLibrary">
<var>${value}</var>
<arg>(${EXAMPLE.1.LAST.NAME.ITEM})[${index}+1]</arg>
<doc>Returns the text value of the element identified by ``locator``.</doc>
<msg timestamp="20230629 17:17:02.202" level="INFO">${value} = Doe</msg>
<status status="PASS" starttime="20230629 17:17:02.192" endtime="20230629 17:17:02.202"/>
</kw>
<kw name="Append To List" library="Collections">
<arg>${actual_data_list}</arg>
<arg>${value}</arg>
<doc>Adds ``values`` to the end of ``list``.</doc>
<status status="PASS" starttime="20230629 17:17:02.202" endtime="20230629 17:17:02.202"/>
</kw>
<status status="PASS" starttime="20230629 17:17:02.192" endtime="20230629 17:17:02.202"/>
</iter>
<iter>
<var name="${index}">2</var>
<kw name="Get Text" library="SeleniumLibrary">
<var>${value}</var>
<arg>(${EXAMPLE.1.LAST.NAME.ITEM})[${index}+1]</arg>
<doc>Returns the text value of the element identified by ``locator``.</doc>
<msg timestamp="20230629 17:17:02.211" level="INFO">${value} = Conway</msg>
<status status="PASS" starttime="20230629 17:17:02.203" endtime="20230629 17:17:02.211"/>
</kw>
<kw name="Append To List" library="Collections">
<arg>${actual_data_list}</arg>
<arg>${value}</arg>
<doc>Adds ``values`` to the end of ``list``.</doc>
<status status="PASS" starttime="20230629 17:17:02.211" endtime="20230629 17:17:02.212"/>
</kw>
<status status="PASS" starttime="20230629 17:17:02.203" endtime="20230629 17:17:02.212"/>
</iter>
<iter>
<var name="${index}">3</var>
<kw name="Get Text" library="SeleniumLibrary">
<var>${value}</var>
<arg>(${EXAMPLE.1.LAST.NAME.ITEM})[${index}+1]</arg>
<doc>Returns the text value of the element identified by ``locator``.</doc>
<msg timestamp="20230629 17:17:02.221" level="INFO">${value} = Bach</msg>
<status status="PASS" starttime="20230629 17:17:02.212" endtime="20230629 17:17:02.221"/>
</kw>
<kw name="Append To List" library="Collections">
<arg>${actual_data_list}</arg>
<arg>${value}</arg>
<doc>Adds ``values`` to the end of ``list``.</doc>
<status status="PASS" starttime="20230629 17:17:02.222" endtime="20230629 17:17:02.222"/>
</kw>
<status status="PASS" starttime="20230629 17:17:02.212" endtime="20230629 17:17:02.222"/>
</iter>
<status status="PASS" starttime="20230629 17:17:02.182" endtime="20230629 17:17:02.222"/>
</for>
<kw name="Create List" library="BuiltIn">
<var>${expect_data_list}</var>
<arg>Smith</arg>
<arg>Doe</arg>
<arg>Conway</arg>
<arg>Bach</arg>
<doc>Returns a list containing given items.</doc>
<msg timestamp="20230629 17:17:02.222" level="INFO">${expect_data_list} = ['Smith', 'Doe', 'Conway', 'Bach']</msg>
<status status="PASS" starttime="20230629 17:17:02.222" endtime="20230629 17:17:02.222"/>
</kw>
<kw name="Lists Should Be Equal" library="Collections">
<arg>${actual_data_list}</arg>
<arg>${expect_data_list}</arg>
<doc>Fails if given lists are unequal.</doc>
<status status="PASS" starttime="20230629 17:17:02.222" endtime="20230629 17:17:02.222"/>
</kw>
<status status="PASS" starttime="20230629 17:17:02.175" endtime="20230629 17:17:02.222"/>
</kw>
<kw name="Click Sort Last Name For Example2" library="sortable_data_tables_page">
<kw name="Wait Until Element Is Visible" library="SeleniumLibrary">
<arg>${EXAMPLE.2.LAST.NAME.HEADER}</arg>
<arg>10s</arg>
<doc>Waits until the element ``locator`` is visible.</doc>
<status status="PASS" starttime="20230629 17:17:02.223" endtime="20230629 17:17:02.235"/>
</kw>
<kw name="Click Element" library="SeleniumLibrary">
<arg>${EXAMPLE.2.LAST.NAME.HEADER}</arg>
<doc>Click the element identified by ``locator``.</doc>
<msg timestamp="20230629 17:17:02.235" level="INFO">Clicking element '//span[@class="last-name"]'.</msg>
<status status="PASS" starttime="20230629 17:17:02.235" endtime="20230629 17:17:02.257"/>
</kw>
<status status="PASS" starttime="20230629 17:17:02.223" endtime="20230629 17:17:02.257"/>
</kw>
<kw name="Verify Sort Data Example2" library="sortable_data_tables_feature">
<kw name="Create List" library="BuiltIn">
<var>${actual_data_list}</var>
<doc>Returns a list containing given items.</doc>
<msg timestamp="20230629 17:17:02.258" level="INFO">${actual_data_list} = []</msg>
<status status="PASS" starttime="20230629 17:17:02.258" endtime="20230629 17:17:02.258"/>
</kw>
<kw name="Get Element Count" library="SeleniumLibrary">
<var>${count}</var>
<arg>${EXAMPLE.2.LAST.NAME.ITEM}</arg>
<doc>Returns the number of elements matching ``locator``.</doc>
<msg timestamp="20230629 17:17:02.267" level="INFO">${count} = 4</msg>
<status status="PASS" starttime="20230629 17:17:02.258" endtime="20230629 17:17:02.267"/>
</kw>
<for flavor="IN RANGE">
<var>${index}</var>
<value>${count}</value>
<iter>
<var name="${index}">0</var>
<kw name="Get Text" library="SeleniumLibrary">
<var>${value}</var>
<arg>(${EXAMPLE.2.LAST.NAME.ITEM})[${index}+1]</arg>
<doc>Returns the text value of the element identified by ``locator``.</doc>
<msg timestamp="20230629 17:17:02.279" level="INFO">${value} = Bach</msg>
<status status="PASS" starttime="20230629 17:17:02.267" endtime="20230629 17:17:02.279"/>
</kw>
<kw name="Append To List" library="Collections">
<arg>${actual_data_list}</arg>
<arg>${value}</arg>
<doc>Adds ``values`` to the end of ``list``.</doc>
<status status="PASS" starttime="20230629 17:17:02.279" endtime="20230629 17:17:02.280"/>
</kw>
<status status="PASS" starttime="20230629 17:17:02.267" endtime="20230629 17:17:02.280"/>
</iter>
<iter>
<var name="${index}">1</var>
<kw name="Get Text" library="SeleniumLibrary">
<var>${value}</var>
<arg>(${EXAMPLE.2.LAST.NAME.ITEM})[${index}+1]</arg>
<doc>Returns the text value of the element identified by ``locator``.</doc>
<msg timestamp="20230629 17:17:02.292" level="INFO">${value} = Conway</msg>
<status status="PASS" starttime="20230629 17:17:02.280" endtime="20230629 17:17:02.292"/>
</kw>
<kw name="Append To List" library="Collections">
<arg>${actual_data_list}</arg>
<arg>${value}</arg>
<doc>Adds ``values`` to the end of ``list``.</doc>
<status status="PASS" starttime="20230629 17:17:02.292" endtime="20230629 17:17:02.292"/>
</kw>
<status status="PASS" starttime="20230629 17:17:02.280" endtime="20230629 17:17:02.292"/>
</iter>
<iter>
<var name="${index}">2</var>
<kw name="Get Text" library="SeleniumLibrary">
<var>${value}</var>
<arg>(${EXAMPLE.2.LAST.NAME.ITEM})[${index}+1]</arg>
<doc>Returns the text value of the element identified by ``locator``.</doc>
<msg timestamp="20230629 17:17:02.305" level="INFO">${value} = Doe</msg>
<status status="PASS" starttime="20230629 17:17:02.293" endtime="20230629 17:17:02.305"/>
</kw>
<kw name="Append To List" library="Collections">
<arg>${actual_data_list}</arg>
<arg>${value}</arg>
<doc>Adds ``values`` to the end of ``list``.</doc>
<status status="PASS" starttime="20230629 17:17:02.305" endtime="20230629 17:17:02.306"/>
</kw>
<status status="PASS" starttime="20230629 17:17:02.293" endtime="20230629 17:17:02.306"/>
</iter>
<iter>
<var name="${index}">3</var>
<kw name="Get Text" library="SeleniumLibrary">
<var>${value}</var>
<arg>(${EXAMPLE.2.LAST.NAME.ITEM})[${index}+1]</arg>
<doc>Returns the text value of the element identified by ``locator``.</doc>
<msg timestamp="20230629 17:17:02.317" level="INFO">${value} = Smith</msg>
<status status="PASS" starttime="20230629 17:17:02.306" endtime="20230629 17:17:02.317"/>
</kw>
<kw name="Append To List" library="Collections">
<arg>${actual_data_list}</arg>
<arg>${value}</arg>
<doc>Adds ``values`` to the end of ``list``.</doc>
<status status="PASS" starttime="20230629 17:17:02.317" endtime="20230629 17:17:02.318"/>
</kw>
<status status="PASS" starttime="20230629 17:17:02.306" endtime="20230629 17:17:02.318"/>
</iter>
<status status="PASS" starttime="20230629 17:17:02.267" endtime="20230629 17:17:02.318"/>
</for>
<kw name="Create List" library="BuiltIn">
<var>${expect_data_list}</var>
<arg>Bach</arg>
<arg>Conway</arg>
<arg>Doe</arg>
<arg>Smith</arg>
<doc>Returns a list containing given items.</doc>
<msg timestamp="20230629 17:17:02.318" level="INFO">${expect_data_list} = ['Bach', 'Conway', 'Doe', 'Smith']</msg>
<status status="PASS" starttime="20230629 17:17:02.318" endtime="20230629 17:17:02.318"/>
</kw>
<kw name="Lists Should Be Equal" library="Collections">
<arg>${actual_data_list}</arg>
<arg>${expect_data_list}</arg>
<doc>Fails if given lists are unequal.</doc>
<status status="PASS" starttime="20230629 17:17:02.318" endtime="20230629 17:17:02.319"/>
</kw>
<status status="PASS" starttime="20230629 17:17:02.257" endtime="20230629 17:17:02.319"/>
</kw>
<kw name="Click Sort Last Name For Example2" library="sortable_data_tables_page">
<kw name="Wait Until Element Is Visible" library="SeleniumLibrary">
<arg>${EXAMPLE.2.LAST.NAME.HEADER}</arg>
<arg>10s</arg>
<doc>Waits until the element ``locator`` is visible.</doc>
<status status="PASS" starttime="20230629 17:17:02.319" endtime="20230629 17:17:02.328"/>
</kw>
<kw name="Click Element" library="SeleniumLibrary">
<arg>${EXAMPLE.2.LAST.NAME.HEADER}</arg>
<doc>Click the element identified by ``locator``.</doc>
<msg timestamp="20230629 17:17:02.328" level="INFO">Clicking element '//span[@class="last-name"]'.</msg>
<status status="PASS" starttime="20230629 17:17:02.328" endtime="20230629 17:17:02.348"/>
</kw>
<status status="PASS" starttime="20230629 17:17:02.319" endtime="20230629 17:17:02.348"/>
</kw>
<kw name="Verify Reverse Sort Data Example2" library="sortable_data_tables_feature">
<kw name="Create List" library="BuiltIn">
<var>${actual_data_list}</var>
<doc>Returns a list containing given items.</doc>
<msg timestamp="20230629 17:17:02.349" level="INFO">${actual_data_list} = []</msg>
<status status="PASS" starttime="20230629 17:17:02.349" endtime="20230629 17:17:02.349"/>
</kw>
<kw name="Get Element Count" library="SeleniumLibrary">
<var>${count}</var>
<arg>${EXAMPLE.2.LAST.NAME.ITEM}</arg>
<doc>Returns the number of elements matching ``locator``.</doc>
<msg timestamp="20230629 17:17:02.355" level="INFO">${count} = 4</msg>
<status status="PASS" starttime="20230629 17:17:02.349" endtime="20230629 17:17:02.356"/>
</kw>
<for flavor="IN RANGE">
<var>${index}</var>
<value>${count}</value>
<iter>
<var name="${index}">0</var>
<kw name="Get Text" library="SeleniumLibrary">
<var>${value}</var>
<arg>(${EXAMPLE.2.LAST.NAME.ITEM})[${index}+1]</arg>
<doc>Returns the text value of the element identified by ``locator``.</doc>
<msg timestamp="20230629 17:17:02.366" level="INFO">${value} = Smith</msg>
<status status="PASS" starttime="20230629 17:17:02.356" endtime="20230629 17:17:02.366"/>
</kw>
<kw name="Append To List" library="Collections">
<arg>${actual_data_list}</arg>
<arg>${value}</arg>
<doc>Adds ``values`` to the end of ``list``.</doc>
<status status="PASS" starttime="20230629 17:17:02.366" endtime="20230629 17:17:02.367"/>
</kw>
<status status="PASS" starttime="20230629 17:17:02.356" endtime="20230629 17:17:02.367"/>
</iter>
<iter>
<var name="${index}">1</var>
<kw name="Get Text" library="SeleniumLibrary">
<var>${value}</var>
<arg>(${EXAMPLE.2.LAST.NAME.ITEM})[${index}+1]</arg>
<doc>Returns the text value of the element identified by ``locator``.</doc>
<msg timestamp="20230629 17:17:02.377" level="INFO">${value} = Doe</msg>
<status status="PASS" starttime="20230629 17:17:02.367" endtime="20230629 17:17:02.377"/>
</kw>
<kw name="Append To List" library="Collections">
<arg>${actual_data_list}</arg>
<arg>${value}</arg>
<doc>Adds ``values`` to the end of ``list``.</doc>
<status status="PASS" starttime="20230629 17:17:02.377" endtime="20230629 17:17:02.377"/>
</kw>
<status status="PASS" starttime="20230629 17:17:02.367" endtime="20230629 17:17:02.377"/>
</iter>
<iter>
<var name="${index}">2</var>
<kw name="Get Text" library="SeleniumLibrary">
<var>${value}</var>
<arg>(${EXAMPLE.2.LAST.NAME.ITEM})[${index}+1]</arg>
<doc>Returns the text value of the element identified by ``locator``.</doc>
<msg timestamp="20230629 17:17:02.387" level="INFO">${value} = Conway</msg>
<status status="PASS" starttime="20230629 17:17:02.377" endtime="20230629 17:17:02.388"/>
</kw>
<kw name="Append To List" library="Collections">
<arg>${actual_data_list}</arg>
<arg>${value}</arg>
<doc>Adds ``values`` to the end of ``list``.</doc>
<status status="PASS" starttime="20230629 17:17:02.388" endtime="20230629 17:17:02.388"/>
</kw>
<status status="PASS" starttime="20230629 17:17:02.377" endtime="20230629 17:17:02.388"/>
</iter>
<iter>
<var name="${index}">3</var>
<kw name="Get Text" library="SeleniumLibrary">
<var>${value}</var>
<arg>(${EXAMPLE.2.LAST.NAME.ITEM})[${index}+1]</arg>
<doc>Returns the text value of the element identified by ``locator``.</doc>
<msg timestamp="20230629 17:17:02.397" level="INFO">${value} = Bach</msg>
<status status="PASS" starttime="20230629 17:17:02.388" endtime="20230629 17:17:02.397"/>
</kw>
<kw name="Append To List" library="Collections">
<arg>${actual_data_list}</arg>
<arg>${value}</arg>
<doc>Adds ``values`` to the end of ``list``.</doc>
<status status="PASS" starttime="20230629 17:17:02.397" endtime="20230629 17:17:02.398"/>
</kw>
<status status="PASS" starttime="20230629 17:17:02.388" endtime="20230629 17:17:02.398"/>
</iter>
<status status="PASS" starttime="20230629 17:17:02.356" endtime="20230629 17:17:02.398"/>
</for>
<kw name="Create List" library="BuiltIn">
<var>${expect_data_list}</var>
<arg>Smith</arg>
<arg>Doe</arg>
<arg>Conway</arg>
<arg>Bach</arg>
<doc>Returns a list containing given items.</doc>
<msg timestamp="20230629 17:17:02.398" level="INFO">${expect_data_list} = ['Smith', 'Doe', 'Conway', 'Bach']</msg>
<status status="PASS" starttime="20230629 17:17:02.398" endtime="20230629 17:17:02.398"/>
</kw>
<kw name="Lists Should Be Equal" library="Collections">
<arg>${actual_data_list}</arg>
<arg>${expect_data_list}</arg>
<doc>Fails if given lists are unequal.</doc>
<status status="PASS" starttime="20230629 17:17:02.398" endtime="20230629 17:17:02.399"/>
</kw>
<status status="PASS" starttime="20230629 17:17:02.349" endtime="20230629 17:17:02.399"/>
</kw>
<status status="PASS" starttime="20230629 17:16:56.576" endtime="20230629 17:17:02.399"/>
</test>
<kw name="Close Browser" library="SeleniumLibrary" type="TEARDOWN">
<doc>Closes the current browser.</doc>
<status status="PASS" starttime="20230629 17:17:02.400" endtime="20230629 17:17:04.459"/>
</kw>
<status status="PASS" starttime="20230629 17:16:56.529" endtime="20230629 17:17:04.459"/>
</suite>
<status status="PASS" starttime="20230629 17:16:40.213" endtime="20230629 17:17:04.463"/>
</suite>
<statistics>
<total>
<stat pass="3" fail="0" skip="0">All Tests</stat>
</total>
<tag>
</tag>
<suite>
<stat pass="3" fail="0" skip="0" id="s1" name="Tests">Tests</stat>
<stat pass="1" fail="0" skip="0" id="s1-s1" name="TC File Upload">Tests.TC File Upload</stat>
<stat pass="1" fail="0" skip="0" id="s1-s2" name="TC Multiple Windows">Tests.TC Multiple Windows</stat>
<stat pass="1" fail="0" skip="0" id="s1-s3" name="TC Sortable Data Tables">Tests.TC Sortable Data Tables</stat>
</suite>
</statistics>
<errors>
</errors>
</robot>
