<?xml version="1.0" encoding="UTF-8"?>
<robot generator="Robot 6.0.1 (Python 3.10.4 on win32)" generated="20230726 15:34:28.111" rpa="false" schemaversion="3">
<suite id="s1" name="TC Add Remove Element" source="G:\Automated\the-internet-web-test\tests\TC_Add_Remove_Element.robot">
<test id="s1-t1" name="Multiple Window" line="6">
<kw name="Open Browser" library="SeleniumLibrary">
<arg>https://the-internet.herokuapp.com/</arg>
<arg>chrome</arg>
<doc>Opens a new browser instance to the optional ``url``.</doc>
<msg timestamp="20230726 15:34:28.408" level="INFO">Opening browser 'chrome' to base url 'https://the-internet.herokuapp.com/'.</msg>
<status status="PASS" starttime="20230726 15:34:28.407" endtime="20230726 15:34:32.878"/>
</kw>
<kw name="Click Add Remove Elements Menu" library="home_page">
<kw name="Wait Until Element Is Visible" library="SeleniumLibrary">
<arg>${ADD.REMOVE.ELEMENTS.TEXT}</arg>
<arg>10s</arg>
<doc>Waits until the element ``locator`` is visible.</doc>
<status status="PASS" starttime="20230726 15:34:32.879" endtime="20230726 15:34:32.901"/>
</kw>
<kw name="Click Element" library="SeleniumLibrary">
<arg>${ADD.REMOVE.ELEMENTS.TEXT}</arg>
<doc>Click the element identified by ``locator``.</doc>
<msg timestamp="20230726 15:34:32.902" level="INFO">Clicking element '//a[@href='/add_remove_elements/']'.</msg>
<status status="PASS" starttime="20230726 15:34:32.901" endtime="20230726 15:34:33.284"/>
</kw>
<status status="PASS" starttime="20230726 15:34:32.879" endtime="20230726 15:34:33.284"/>
</kw>
<kw name="Click Add Element" library="add_remove_element_page">
<kw name="Wait Until Element Is Visible" library="SeleniumLibrary">
<arg>${ADD.REMOVE.ELEMENT.TITLE}</arg>
<doc>Waits until the element ``locator`` is visible.</doc>
<status status="PASS" starttime="20230726 15:34:33.285" endtime="20230726 15:34:33.303"/>
</kw>
<kw name="Click Element" library="SeleniumLibrary">
<arg>${ADD.ELEMENT.BUTTON}</arg>
<doc>Click the element identified by ``locator``.</doc>
<msg timestamp="20230726 15:34:33.303" level="INFO">Clicking element '//button[contains(text(),"Add Element")]'.</msg>
<status status="PASS" starttime="20230726 15:34:33.303" endtime="20230726 15:34:33.343"/>
</kw>
<status status="PASS" starttime="20230726 15:34:33.285" endtime="20230726 15:34:33.343"/>
</kw>
<kw name="Verify Element Added" library="add_remove_element_page">
<kw name="Wait Until Element Is Visible" library="SeleniumLibrary">
<arg>${DELETE.ELEMENT.BUTTON}</arg>
<doc>Waits until the element ``locator`` is visible.</doc>
<status status="PASS" starttime="20230726 15:34:33.344" endtime="20230726 15:34:33.360"/>
</kw>
<kw name="Sleep" library="BuiltIn">
<arg>5s</arg>
<doc>Pauses the test executed for the given time.</doc>
<msg timestamp="20230726 15:34:38.361" level="INFO">Slept 5 seconds</msg>
<status status="PASS" starttime="20230726 15:34:33.360" endtime="20230726 15:34:38.361"/>
</kw>
<status status="PASS" starttime="20230726 15:34:33.343" endtime="20230726 15:34:38.361"/>
</kw>
<kw name="Click Delete Element" library="add_remove_element_page">
<kw name="Click Element" library="SeleniumLibrary">
<arg>${DELETE.ELEMENT.BUTTON}</arg>
<doc>Click the element identified by ``locator``.</doc>
<msg timestamp="20230726 15:34:38.362" level="INFO">Clicking element '//button[contains(text(),"Delete")]'.</msg>
<status status="PASS" starttime="20230726 15:34:38.362" endtime="20230726 15:34:38.397"/>
</kw>
<status status="PASS" starttime="20230726 15:34:38.361" endtime="20230726 15:34:38.397"/>
</kw>
<kw name="Verify Element Deleted" library="add_remove_element_page">
<kw name="Wait Until Element Is Not Visible" library="SeleniumLibrary">
<arg>${DELETE.ELEMENT.BUTTON}</arg>
<doc>Waits until the element ``locator`` is not visible.</doc>
<status status="PASS" starttime="20230726 15:34:38.397" endtime="20230726 15:34:38.404"/>
</kw>
<kw name="Sleep" library="BuiltIn">
<arg>5s</arg>
<doc>Pauses the test executed for the given time.</doc>
<msg timestamp="20230726 15:34:43.411" level="INFO">Slept 5 seconds</msg>
<status status="PASS" starttime="20230726 15:34:38.404" endtime="20230726 15:34:43.411"/>
</kw>
<status status="PASS" starttime="20230726 15:34:38.397" endtime="20230726 15:34:43.411"/>
</kw>
<status status="PASS" starttime="20230726 15:34:28.407" endtime="20230726 15:34:43.412"/>
</test>
<kw name="Close Browser" library="SeleniumLibrary" type="TEARDOWN">
<doc>Closes the current browser.</doc>
<status status="PASS" starttime="20230726 15:34:43.414" endtime="20230726 15:34:45.542"/>
</kw>
<status status="PASS" starttime="20230726 15:34:28.114" endtime="20230726 15:34:45.542"/>
</suite>
<statistics>
<total>
<stat pass="1" fail="0" skip="0">All Tests</stat>
</total>
<tag>
</tag>
<suite>
<stat pass="1" fail="0" skip="0" id="s1" name="TC Add Remove Element">TC Add Remove Element</stat>
</suite>
</statistics>
<errors>
</errors>
</robot>
