<?xml version="1.0" encoding="UTF-8"?>
<robot generator="Robot 6.0.1 (Python 3.10.4 on win32)" generated="20230628 11:12:43.692" rpa="false" schemaversion="3">
<suite id="s1" name="TC Multiple Windows" source="G:\Automated\EdVISORY\tests\TC_Multiple_Windows.robot">
<test id="s1-t1" name="File Upload" line="30">
<kw name="Create Webdriver" library="SeleniumLibrary">
<arg>chrome</arg>
<arg>executable_path="G:\Automated\EdVISORY\resources\drivers\chromedriver_114.exe"</arg>
<doc>Creates an instance of Selenium WebDriver.</doc>
<msg timestamp="20230628 11:12:43.928" level="INFO">Creating an instance of the chrome WebDriver.</msg>
<msg timestamp="20230628 11:12:43.928" level="INFO">Cannot capture screenshot because no browser is open.</msg>
<msg timestamp="20230628 11:12:43.928" level="FAIL">TypeError: 'module' object is not callable</msg>
<status status="FAIL" starttime="20230628 11:12:43.927" endtime="20230628 11:12:43.954"/>
</kw>
<kw name="Open browser">
<arg>https://the-internet.herokuapp.com/</arg>
<arg>chrome</arg>
<status status="NOT RUN" starttime="20230628 11:12:43.955" endtime="20230628 11:12:43.955"/>
</kw>
<kw name="TC_File_Upload.Click File Upload">
<status status="NOT RUN" starttime="20230628 11:12:43.958" endtime="20230628 11:12:43.959"/>
</kw>
<status status="FAIL" starttime="20230628 11:12:43.927" endtime="20230628 11:12:43.959">TypeError: 'module' object is not callable</status>
</test>
<kw name="Close Browser" library="SeleniumLibrary" type="TEARDOWN">
<doc>Closes the current browser.</doc>
<status status="PASS" starttime="20230628 11:12:43.961" endtime="20230628 11:12:43.961"/>
</kw>
<status status="FAIL" starttime="20230628 11:12:43.694" endtime="20230628 11:12:43.961"/>
</suite>
<statistics>
<total>
<stat pass="0" fail="1" skip="0">All Tests</stat>
</total>
<tag>
</tag>
<suite>
<stat pass="0" fail="1" skip="0" id="s1" name="TC Multiple Windows">TC Multiple Windows</stat>
</suite>
</statistics>
<errors>
</errors>
</robot>
