<?xml version="1.0" encoding="UTF-8"?>
<robot generator="Robot 6.0.1 (Python 3.10.4 on win32)" generated="20230726 14:58:45.141" rpa="false" schemaversion="3">
<suite id="s1" name="Tests" source="G:\Automated\the-internet-web-test\tests">
<suite id="s1-s1" name="TC Add Remove Element" source="G:\Automated\the-internet-web-test\tests\TC_Add_Remove_Element.robot">
<test id="s1-s1-t1" name="Multiple Window" line="6">
<kw name="Open Browser" library="SeleniumLibrary">
<arg>https://the-internet.herokuapp.com/</arg>
<arg>chrome</arg>
<doc>Opens a new browser instance to the optional ``url``.</doc>
<msg timestamp="20230726 14:58:45.430" level="INFO">Opening browser 'chrome' to base url 'https://the-internet.herokuapp.com/'.</msg>
<msg timestamp="20230726 14:58:46.449" level="INFO">Cannot capture screenshot because no browser is open.</msg>
<msg timestamp="20230726 14:58:46.449" level="FAIL">WebDriverException: Message: 'chromedriver' executable needs to be in PATH. Please see https://chromedriver.chromium.org/home
</msg>
<status status="FAIL" starttime="20230726 14:58:45.430" endtime="20230726 14:58:46.452"/>
</kw>
<kw name="Click Add Remove Elements Menu" library="home_page">
<status status="NOT RUN" starttime="20230726 14:58:46.452" endtime="20230726 14:58:46.452"/>
</kw>
<kw name="add_remove_element_page.Click Add Element">
<status status="NOT RUN" starttime="20230726 14:58:46.456" endtime="20230726 14:58:46.456"/>
</kw>
<kw name="add_remove_element_page.Verify Element Added">
<status status="NOT RUN" starttime="20230726 14:58:46.460" endtime="20230726 14:58:46.460"/>
</kw>
<kw name="add_remove_element_page.Click Delete Element">
<status status="NOT RUN" starttime="20230726 14:58:46.463" endtime="20230726 14:58:46.463"/>
</kw>
<kw name="add_remove_element_page.Verify Element Deleted">
<status status="NOT RUN" starttime="20230726 14:58:46.469" endtime="20230726 14:58:46.469"/>
</kw>
<status status="FAIL" starttime="20230726 14:58:45.429" endtime="20230726 14:58:46.469">WebDriverException: Message: 'chromedriver' executable needs to be in PATH. Please see https://chromedriver.chromium.org/home
</status>
</test>
<kw name="Close Browser" library="SeleniumLibrary" type="TEARDOWN">
<doc>Closes the current browser.</doc>
<status status="PASS" starttime="20230726 14:58:46.471" endtime="20230726 14:58:46.471"/>
</kw>
<status status="FAIL" starttime="20230726 14:58:45.167" endtime="20230726 14:58:46.471"/>
</suite>
<suite id="s1-s2" name="TC File Upload" source="G:\Automated\the-internet-web-test\tests\TC_File_Upload.robot">
<test id="s1-s2-t1" name="File Upload" line="6">
<kw name="Open Browser" library="SeleniumLibrary">
<arg>https://the-internet.herokuapp.com/</arg>
<arg>chrome</arg>
<doc>Opens a new browser instance to the optional ``url``.</doc>
<msg timestamp="20230726 14:58:46.489" level="INFO">Opening browser 'chrome' to base url 'https://the-internet.herokuapp.com/'.</msg>
<msg timestamp="20230726 14:58:47.396" level="INFO">Cannot capture screenshot because no browser is open.</msg>
<msg timestamp="20230726 14:58:47.397" level="FAIL">WebDriverException: Message: 'chromedriver' executable needs to be in PATH. Please see https://chromedriver.chromium.org/home
</msg>
<status status="FAIL" starttime="20230726 14:58:46.489" endtime="20230726 14:58:47.397"/>
</kw>
<kw name="Click File Upload Menu" library="home_page">
<status status="NOT RUN" starttime="20230726 14:58:47.398" endtime="20230726 14:58:47.398"/>
</kw>
<kw name="Click Choose File" library="file_upload_page">
<status status="NOT RUN" starttime="20230726 14:58:47.398" endtime="20230726 14:58:47.398"/>
</kw>
<kw name="Click Submit File" library="file_upload_page">
<status status="NOT RUN" starttime="20230726 14:58:47.398" endtime="20230726 14:58:47.398"/>
</kw>
<kw name="Verify File Upload" library="file_upload_page">
<status status="NOT RUN" starttime="20230726 14:58:47.399" endtime="20230726 14:58:47.399"/>
</kw>
<status status="FAIL" starttime="20230726 14:58:46.488" endtime="20230726 14:58:47.399">WebDriverException: Message: 'chromedriver' executable needs to be in PATH. Please see https://chromedriver.chromium.org/home
</status>
</test>
<kw name="Close Browser" library="SeleniumLibrary" type="TEARDOWN">
<doc>Closes the current browser.</doc>
<status status="PASS" starttime="20230726 14:58:47.400" endtime="20230726 14:58:47.400"/>
</kw>
<status status="FAIL" starttime="20230726 14:58:46.473" endtime="20230726 14:58:47.400"/>
</suite>
<suite id="s1-s3" name="TC Multiple Windows" source="G:\Automated\the-internet-web-test\tests\TC_Multiple_Windows.robot">
<test id="s1-s3-t1" name="Multiple Window" line="6">
<kw name="Open Browser" library="SeleniumLibrary">
<arg>https://the-internet.herokuapp.com/</arg>
<arg>chrome</arg>
<doc>Opens a new browser instance to the optional ``url``.</doc>
<msg timestamp="20230726 14:58:47.419" level="INFO">Opening browser 'chrome' to base url 'https://the-internet.herokuapp.com/'.</msg>
<msg timestamp="20230726 14:58:48.361" level="INFO">Cannot capture screenshot because no browser is open.</msg>
<msg timestamp="20230726 14:58:48.361" level="FAIL">WebDriverException: Message: 'chromedriver' executable needs to be in PATH. Please see https://chromedriver.chromium.org/home
</msg>
<status status="FAIL" starttime="20230726 14:58:47.419" endtime="20230726 14:58:48.361"/>
</kw>
<kw name="Click Multiple Window Menu" library="home_page">
<status status="NOT RUN" starttime="20230726 14:58:48.362" endtime="20230726 14:58:48.362"/>
</kw>
<kw name="Click Open New Window" library="multiple_windows_page">
<status status="NOT RUN" starttime="20230726 14:58:48.362" endtime="20230726 14:58:48.362"/>
</kw>
<kw name="Verify Have Both New Window and Old Window" library="multiple_windows_feature">
<status status="NOT RUN" starttime="20230726 14:58:48.363" endtime="20230726 14:58:48.363"/>
</kw>
<status status="FAIL" starttime="20230726 14:58:47.419" endtime="20230726 14:58:48.363">WebDriverException: Message: 'chromedriver' executable needs to be in PATH. Please see https://chromedriver.chromium.org/home
</status>
</test>
<kw name="Close Browser" library="SeleniumLibrary" type="TEARDOWN">
<doc>Closes the current browser.</doc>
<status status="PASS" starttime="20230726 14:58:48.364" endtime="20230726 14:58:48.365"/>
</kw>
<status status="FAIL" starttime="20230726 14:58:47.402" endtime="20230726 14:58:48.365"/>
</suite>
<suite id="s1-s4" name="TC Sortable Data Tables" source="G:\Automated\the-internet-web-test\tests\TC_Sortable_Data_Tables.robot">
<test id="s1-s4-t1" name="Sort Data Tables" line="6">
<kw name="Open Browser" library="SeleniumLibrary">
<arg>https://the-internet.herokuapp.com/</arg>
<arg>chrome</arg>
<doc>Opens a new browser instance to the optional ``url``.</doc>
<msg timestamp="20230726 14:58:48.382" level="INFO">Opening browser 'chrome' to base url 'https://the-internet.herokuapp.com/'.</msg>
<msg timestamp="20230726 14:58:49.270" level="INFO">Cannot capture screenshot because no browser is open.</msg>
<msg timestamp="20230726 14:58:49.270" level="FAIL">WebDriverException: Message: 'chromedriver' executable needs to be in PATH. Please see https://chromedriver.chromium.org/home
</msg>
<status status="FAIL" starttime="20230726 14:58:48.382" endtime="20230726 14:58:49.270"/>
</kw>
<kw name="Click Sort Data Tables Menu" library="home_page">
<status status="NOT RUN" starttime="20230726 14:58:49.271" endtime="20230726 14:58:49.271"/>
</kw>
<kw name="Click Sort Last Name For Example1" library="sortable_data_tables_page">
<status status="NOT RUN" starttime="20230726 14:58:49.272" endtime="20230726 14:58:49.272"/>
</kw>
<kw name="Verify Sort Data Example1" library="sortable_data_tables_feature">
<status status="NOT RUN" starttime="20230726 14:58:49.272" endtime="20230726 14:58:49.272"/>
</kw>
<kw name="Click Sort Last Name For Example1" library="sortable_data_tables_page">
<status status="NOT RUN" starttime="20230726 14:58:49.272" endtime="20230726 14:58:49.272"/>
</kw>
<kw name="Verify Reverse Sort Data Example1" library="sortable_data_tables_feature">
<status status="NOT RUN" starttime="20230726 14:58:49.272" endtime="20230726 14:58:49.272"/>
</kw>
<kw name="Click Sort Last Name For Example2" library="sortable_data_tables_page">
<status status="NOT RUN" starttime="20230726 14:58:49.273" endtime="20230726 14:58:49.273"/>
</kw>
<kw name="Verify Sort Data Example2" library="sortable_data_tables_feature">
<status status="NOT RUN" starttime="20230726 14:58:49.273" endtime="20230726 14:58:49.273"/>
</kw>
<kw name="Click Sort Last Name For Example2" library="sortable_data_tables_page">
<status status="NOT RUN" starttime="20230726 14:58:49.273" endtime="20230726 14:58:49.273"/>
</kw>
<kw name="Verify Reverse Sort Data Example2" library="sortable_data_tables_feature">
<status status="NOT RUN" starttime="20230726 14:58:49.273" endtime="20230726 14:58:49.273"/>
</kw>
<status status="FAIL" starttime="20230726 14:58:48.381" endtime="20230726 14:58:49.275">WebDriverException: Message: 'chromedriver' executable needs to be in PATH. Please see https://chromedriver.chromium.org/home
</status>
</test>
<kw name="Close Browser" library="SeleniumLibrary" type="TEARDOWN">
<doc>Closes the current browser.</doc>
<status status="PASS" starttime="20230726 14:58:49.276" endtime="20230726 14:58:49.276"/>
</kw>
<status status="FAIL" starttime="20230726 14:58:48.365" endtime="20230726 14:58:49.277"/>
</suite>
<status status="FAIL" starttime="20230726 14:58:45.143" endtime="20230726 14:58:49.279"/>
</suite>
<statistics>
<total>
<stat pass="0" fail="4" skip="0">All Tests</stat>
</total>
<tag>
</tag>
<suite>
<stat pass="0" fail="4" skip="0" id="s1" name="Tests">Tests</stat>
<stat pass="0" fail="1" skip="0" id="s1-s1" name="TC Add Remove Element">Tests.TC Add Remove Element</stat>
<stat pass="0" fail="1" skip="0" id="s1-s2" name="TC File Upload">Tests.TC File Upload</stat>
<stat pass="0" fail="1" skip="0" id="s1-s3" name="TC Multiple Windows">Tests.TC Multiple Windows</stat>
<stat pass="0" fail="1" skip="0" id="s1-s4" name="TC Sortable Data Tables">Tests.TC Sortable Data Tables</stat>
</suite>
</statistics>
<errors>
</errors>
</robot>
